7.2.1 05-09-2019 16:48:06 Starting new session. Mods: examplemod 
7.2.1 05-09-2019 16:49:16 MAJOR: null: Loading language: en_us
7.2.1 05-09-2019 16:49:16 MAJOR: null: LanguageData loaded: en_us. Wand invitem name: Wand of Summoning
7.2.1 05-09-2019 18:30:30 Starting new session. Mods: examplemod 
7.2.1 05-09-2019 18:32:09 MAJOR: null: Loading language: en_us
7.2.1 05-09-2019 18:32:12 MAJOR: null: LanguageData loaded: en_us. Wand invitem name: Wand of Summoning
7.2.1 05-09-2019 18:49:14 Starting new session. Mods: examplemod 
7.2.1 05-09-2019 18:50:48 MAJOR: null: Loading language: en_us
7.2.1 05-09-2019 18:50:49 MAJOR: null: LanguageData loaded: en_us. Wand invitem name: Wand of Summoning
7.2.1 05-09-2019 18:54:10 Starting new session. Mods: examplemod 
7.2.1 05-09-2019 18:55:44 MAJOR: null: Loading language: en_us
7.2.1 05-09-2019 18:55:44 MAJOR: null: LanguageData loaded: en_us. Wand invitem name: Wand of Summoning
7.2.1 05-09-2019 19:02:34 Starting new session. Mods: examplemod 
7.2.1 05-09-2019 19:04:13 MAJOR: null: Loading language: en_us
7.2.1 05-09-2019 19:04:13 MAJOR: null: LanguageData loaded: en_us. Wand invitem name: Wand of Summoning
7.2.1 05-09-2019 19:08:05 Starting new session. Mods: examplemod 
7.2.1 05-09-2019 19:09:43 MAJOR: null: Loading language: en_us
7.2.1 05-09-2019 19:09:44 MAJOR: null: LanguageData loaded: en_us. Wand invitem name: Wand of Summoning
7.2.1 05-09-2019 19:20:25 Starting new session. Mods: examplemod 
7.2.1 05-09-2019 19:22:05 MAJOR: null: Loading language: en_us
7.2.1 05-09-2019 19:22:06 MAJOR: null: LanguageData loaded: en_us. Wand invitem name: Wand of Summoning
7.2.1 05-09-2019 19:41:10 Starting new session. Mods: examplemod 
7.2.1 05-09-2019 19:42:51 MAJOR: null: Loading language: en_us
7.2.1 05-09-2019 19:42:52 MAJOR: null: LanguageData loaded: en_us. Wand invitem name: Wand of Summoning
7.2.1 05-09-2019 20:23:53 Starting new session. Mods: examplemod 
7.2.1 05-09-2019 20:25:37 MAJOR: null: Loading language: en_us
7.2.1 05-09-2019 20:25:38 MAJOR: null: LanguageData loaded: en_us. Wand invitem name: Wand of Summoning
7.2.1 05-09-2019 20:35:49 Starting new session. Mods: examplemod 
7.2.1 05-09-2019 20:37:27 MAJOR: null: Loading language: en_us
7.2.1 05-09-2019 20:37:28 MAJOR: null: LanguageData loaded: en_us. Wand invitem name: Wand of Summoning
7.2.1 05-09-2019 20:42:20 Starting new session. Mods: examplemod 
7.2.1 05-09-2019 20:44:07 MAJOR: null: Loading language: en_us
7.2.1 05-09-2019 20:44:08 MAJOR: null: LanguageData loaded: en_us. Wand invitem name: Wand of Summoning
7.2.1 05-09-2019 21:21:27 Starting new session. Mods: examplemod 
7.2.1 05-09-2019 21:23:19 MAJOR: null: Loading language: en_us
7.2.1 05-09-2019 21:23:22 MAJOR: null: LanguageData loaded: en_us. Wand invitem name: Wand of Summoning
7.2.1 05-09-2019 21:48:19 Starting new session. Mods: examplemod 
7.2.1 05-09-2019 21:49:58 MAJOR: null: Loading language: en_us
7.2.1 05-09-2019 21:49:59 MAJOR: null: LanguageData loaded: en_us. Wand invitem name: Wand of Summoning
7.2.1 05-09-2019 22:00:07 Starting new session. Mods: examplemod 
7.2.1 05-09-2019 22:01:47 MAJOR: null: Loading language: en_us
7.2.1 05-09-2019 22:01:48 MAJOR: null: LanguageData loaded: en_us. Wand invitem name: Wand of Summoning
7.2.1 05-09-2019 22:29:13 Starting new session. Mods: examplemod 
7.2.1 05-09-2019 22:30:57 MAJOR: null: Loading language: en_us
7.2.1 05-09-2019 22:30:59 MAJOR: null: LanguageData loaded: en_us. Wand invitem name: Wand of Summoning
7.2.1 06-09-2019 00:52:49 Starting new session. Mods: examplemod 
7.2.1 06-09-2019 00:54:42 MAJOR: null: Loading language: en_us
7.2.1 06-09-2019 00:54:45 MAJOR: null: LanguageData loaded: en_us. Wand invitem name: Wand of Summoning
7.2.1 06-09-2019 01:13:09 Starting new session. Mods: examplemod 
7.2.1 06-09-2019 01:14:53 MAJOR: null: Loading language: en_us
7.2.1 06-09-2019 01:14:54 MAJOR: null: LanguageData loaded: en_us. Wand invitem name: Wand of Summoning
7.2.1 07-09-2019 10:13:51 Starting new session. Mods: examplemod 
7.2.1 07-09-2019 10:15:44 MAJOR: null: Loading language: en_us
7.2.1 07-09-2019 10:15:47 MAJOR: null: LanguageData loaded: en_us. Wand invitem name: Wand of Summoning
7.2.1 07-09-2019 12:12:32 Starting new session. Mods: examplemod 
7.2.1 07-09-2019 12:14:19 MAJOR: null: Loading language: en_us
7.2.1 07-09-2019 12:14:22 MAJOR: null: LanguageData loaded: en_us. Wand invitem name: Wand of Summoning
7.2.1 07-09-2019 12:49:18 Starting new session. Mods: examplemod 
7.2.1 07-09-2019 12:50:56 MAJOR: null: Loading language: en_us
7.2.1 07-09-2019 12:50:57 MAJOR: null: LanguageData loaded: en_us. Wand invitem name: Wand of Summoning
7.2.1 07-09-2019 14:40:01 Starting new session. Mods: examplemod 
7.2.1 07-09-2019 14:41:57 MAJOR: null: Loading language: en_us
7.2.1 07-09-2019 14:42:01 MAJOR: null: LanguageData loaded: en_us. Wand invitem name: Wand of Summoning
7.2.1 07-09-2019 20:48:41 Starting new session. Mods: examplemod 
7.2.1 07-09-2019 20:50:29 MAJOR: null: Loading language: en_us
7.2.1 07-09-2019 20:50:32 MAJOR: null: LanguageData loaded: en_us. Wand invitem name: Wand of Summoning
7.2.1 07-09-2019 23:53:25 Starting new session. Mods: examplemod 
7.2.1 07-09-2019 23:55:13 MAJOR: null: Loading language: en_us
7.2.1 07-09-2019 23:55:14 MAJOR: null: LanguageData loaded: en_us. Wand invitem name: Wand of Summoning
7.2.1 08-09-2019 08:35:27 Starting new session. Mods: examplemod 
7.2.1 08-09-2019 08:37:13 MAJOR: null: Loading language: en_us
7.2.1 08-09-2019 08:37:16 MAJOR: null: LanguageData loaded: en_us. Wand invitem name: Wand of Summoning
7.2.1 08-09-2019 08:54:59 Starting new session. Mods: examplemod 
7.2.1 08-09-2019 08:56:44 MAJOR: null: Loading language: en_us
7.2.1 08-09-2019 08:56:45 MAJOR: null: LanguageData loaded: en_us. Wand invitem name: Wand of Summoning
7.2.1 08-09-2019 09:50:38 Starting new session. Mods: examplemod 
7.2.1 08-09-2019 09:52:24 MAJOR: null: Loading language: en_us
7.2.1 08-09-2019 09:52:27 MAJOR: null: LanguageData loaded: en_us. Wand invitem name: Wand of Summoning
7.2.1 08-09-2019 10:19:57 Starting new session. Mods: examplemod 
7.2.1 08-09-2019 10:21:37 MAJOR: null: Loading language: en_us
7.2.1 08-09-2019 10:21:38 MAJOR: null: LanguageData loaded: en_us. Wand invitem name: Wand of Summoning
7.2.1 08-09-2019 11:58:44 Starting new session. Mods: examplemod 
7.2.1 08-09-2019 12:00:24 MAJOR: null: Loading language: en_us
7.2.1 08-09-2019 12:00:24 MAJOR: null: LanguageData loaded: en_us. Wand invitem name: Wand of Summoning
7.2.1 09-09-2019 15:13:12 Starting new session. Mods: examplemod 
7.2.1 09-09-2019 15:14:58 MAJOR: null: Loading language: en_us
7.2.1 09-09-2019 15:15:01 MAJOR: null: LanguageData loaded: en_us. Wand invitem name: Wand of Summoning
7.2.1 10-09-2019 12:21:52 Starting new session. Mods: examplemod 
7.2.1 10-09-2019 12:23:42 MAJOR: null: Loading language: en_us
7.2.1 10-09-2019 12:23:45 MAJOR: null: LanguageData loaded: en_us. Wand invitem name: Wand of Summoning
7.2.1 12-09-2019 11:26:46 Starting new session. Mods: examplemod 
7.2.1 12-09-2019 11:28:35 MAJOR: null: Loading language: en_us
7.2.1 12-09-2019 11:28:38 MAJOR: null: LanguageData loaded: en_us. Wand invitem name: Wand of Summoning
7.2.1 12-09-2019 13:48:28 Starting new session. Mods: examplemod 
7.2.1 12-09-2019 13:50:09 MAJOR: null: Loading language: en_us
7.2.1 12-09-2019 13:50:10 MAJOR: null: LanguageData loaded: en_us. Wand invitem name: Wand of Summoning
7.2.1 12-09-2019 18:22:29 Starting new session. Mods: examplemod 
7.2.1 12-09-2019 18:24:11 MAJOR: null: Loading language: en_us
7.2.1 12-09-2019 18:24:12 MAJOR: null: LanguageData loaded: en_us. Wand invitem name: Wand of Summoning
7.2.1 13-09-2019 13:14:21 Starting new session. Mods: examplemod 
7.2.1 13-09-2019 13:16:09 MAJOR: null: Loading language: en_us
7.2.1 13-09-2019 13:16:11 MAJOR: null: LanguageData loaded: en_us. Wand invitem name: Wand of Summoning
7.2.1 14-09-2019 13:53:03 Starting new session. Mods: examplemod 
7.2.1 14-09-2019 13:54:52 MAJOR: null: Loading language: en_us
7.2.1 14-09-2019 13:54:55 MAJOR: null: LanguageData loaded: en_us. Wand invitem name: Wand of Summoning
7.2.1 14-09-2019 16:05:45 Starting new session. Mods: examplemod 
7.2.1 14-09-2019 16:07:24 MAJOR: null: Loading language: en_us
7.2.1 14-09-2019 16:07:25 MAJOR: null: LanguageData loaded: en_us. Wand invitem name: Wand of Summoning
7.2.1 14-09-2019 16:11:03 Starting new session. Mods: examplemod 
7.2.1 14-09-2019 16:12:41 MAJOR: null: Loading language: en_us
7.2.1 14-09-2019 16:12:42 MAJOR: null: LanguageData loaded: en_us. Wand invitem name: Wand of Summoning
7.2.1 14-09-2019 16:42:24 Starting new session. Mods: examplemod 
7.2.1 14-09-2019 16:44:03 MAJOR: null: Loading language: en_us
7.2.1 14-09-2019 16:44:04 MAJOR: null: LanguageData loaded: en_us. Wand invitem name: Wand of Summoning
7.2.1 14-09-2019 16:45:48 Starting new session. Mods: examplemod 
7.2.1 14-09-2019 16:47:26 MAJOR: null: Loading language: en_us
7.2.1 14-09-2019 16:47:26 MAJOR: null: LanguageData loaded: en_us. Wand invitem name: Wand of Summoning
7.2.1 14-09-2019 17:28:18 Starting new session. Mods: examplemod 
7.2.1 14-09-2019 17:29:54 MAJOR: null: Loading language: en_us
7.2.1 14-09-2019 17:29:55 MAJOR: null: LanguageData loaded: en_us. Wand invitem name: Wand of Summoning
7.2.1 15-09-2019 12:34:52 Starting new session. Mods: examplemod 
7.2.1 15-09-2019 12:36:39 MAJOR: null: Loading language: en_us
7.2.1 15-09-2019 12:36:42 MAJOR: null: LanguageData loaded: en_us. Wand invitem name: Wand of Summoning
7.2.1 15-09-2019 12:41:38 Starting new session. Mods: examplemod 
7.2.1 15-09-2019 12:43:18 MAJOR: null: Loading language: en_us
7.2.1 15-09-2019 12:43:18 MAJOR: null: LanguageData loaded: en_us. Wand invitem name: Wand of Summoning
7.2.1 15-09-2019 14:59:39 ERROR: (farmbyzantine_A1 at 1306/67/621/1/0/849524113/Chorio orthodoxo/net.optifine.override.WorldServerOF@2892565b): No TileEntitySign at: 1312/69/617
7.2.1 15-09-2019 15:03:21 ERROR: (farmbyzantine_A1 at 1306/67/621/1/0/849524113/Chorio orthodoxo/net.optifine.override.WorldServerOF@2892565b): No TileEntitySign at: 1312/69/617
7.2.1 15-09-2019 15:03:26 ERROR: (farmbyzantine_A1 at 1306/67/621/1/0/849524113/Chorio orthodoxo/net.optifine.override.WorldServerOF@2892565b): No TileEntitySign at: 1312/69/617
7.2.1 15-09-2019 17:00:26 Starting new session. Mods: examplemod 
7.2.1 15-09-2019 17:03:26 Starting new session. Mods: examplemod 
7.2.1 15-09-2019 17:05:04 MAJOR: null: Loading language: en_us
7.2.1 15-09-2019 17:05:05 MAJOR: null: LanguageData loaded: en_us. Wand invitem name: Wand of Summoning
7.2.1 15-09-2019 19:44:05 ERROR: (farmbyzantine_A1 at 1306/67/621/1/0/1129935988/Agrotema/net.optifine.override.WorldServerOF@31c5a689): No TileEntitySign at: 1312/69/617
7.2.1 15-09-2019 19:44:14 ERROR: (farmbyzantine_A1 at 1306/67/621/1/0/1129935988/Agrotema/net.optifine.override.WorldServerOF@31c5a689): No TileEntitySign at: 1312/69/617
7.2.1 15-09-2019 19:48:06 ERROR: (farmbyzantine_A1 at 1306/67/621/1/0/1129935988/Agrotema/net.optifine.override.WorldServerOF@31c5a689): No TileEntitySign at: 1312/69/617
7.2.1 17-09-2019 09:46:07 Starting new session. Mods: examplemod 
7.2.1 17-09-2019 09:47:48 MAJOR: null: Loading language: en_us
7.2.1 17-09-2019 09:47:48 MAJOR: null: LanguageData loaded: en_us. Wand invitem name: Wand of Summoning
7.2.1 17-09-2019 13:01:48 Starting new session. Mods: examplemod 
7.2.1 17-09-2019 13:03:34 MAJOR: null: Loading language: en_us
7.2.1 17-09-2019 13:03:37 MAJOR: null: LanguageData loaded: en_us. Wand invitem name: Wand of Summoning
7.2.1 18-09-2019 12:18:12 Starting new session. Mods: examplemod 
7.2.1 18-09-2019 12:20:07 MAJOR: null: Loading language: en_us
7.2.1 18-09-2019 12:20:11 MAJOR: null: LanguageData loaded: en_us. Wand invitem name: Wand of Summoning
7.2.1 18-09-2019 13:47:25 Starting new session. Mods: examplemod 
7.2.1 18-09-2019 13:49:16 MAJOR: null: Loading language: en_us
7.2.1 18-09-2019 13:49:20 MAJOR: null: LanguageData loaded: en_us. Wand invitem name: Wand of Summoning
7.2.1 18-09-2019 22:13:21 Starting new session. Mods: examplemod 
7.2.1 18-09-2019 22:15:16 MAJOR: null: Loading language: en_us
7.2.1 18-09-2019 22:15:19 MAJOR: null: LanguageData loaded: en_us. Wand invitem name: Wand of Summoning
7.2.1 18-09-2019 22:43:27 Starting new session. Mods: examplemod 
7.2.1 18-09-2019 22:45:26 MAJOR: null: Loading language: en_us
7.2.1 18-09-2019 22:45:27 MAJOR: null: LanguageData loaded: en_us. Wand invitem name: Wand of Summoning
7.2.1 18-09-2019 23:28:02 Starting new session. Mods: examplemod 
7.2.1 18-09-2019 23:29:54 MAJOR: null: Loading language: en_us
7.2.1 18-09-2019 23:29:55 MAJOR: null: LanguageData loaded: en_us. Wand invitem name: Wand of Summoning
7.2.1 18-09-2019 23:37:14 Starting new session. Mods: examplemod 
7.2.1 18-09-2019 23:39:08 MAJOR: null: Loading language: en_us
7.2.1 18-09-2019 23:39:08 MAJOR: null: LanguageData loaded: en_us. Wand invitem name: Wand of Summoning
7.2.1 19-09-2019 09:53:15 Starting new session. Mods: examplemod 
7.2.1 19-09-2019 09:55:19 MAJOR: null: Loading language: en_us
7.2.1 19-09-2019 09:55:22 MAJOR: null: LanguageData loaded: en_us. Wand invitem name: Wand of Summoning
7.2.1 19-09-2019 10:03:09 Starting new session. Mods: examplemod 
7.2.1 19-09-2019 10:05:04 MAJOR: null: Loading language: en_us
7.2.1 19-09-2019 10:05:05 MAJOR: null: LanguageData loaded: en_us. Wand invitem name: Wand of Summoning
7.2.1 19-09-2019 10:12:17 Starting new session. Mods: examplemod 
7.2.1 19-09-2019 10:14:14 MAJOR: null: Loading language: en_us
7.2.1 19-09-2019 10:14:14 MAJOR: null: LanguageData loaded: en_us. Wand invitem name: Wand of Summoning
